01/15/2014 10:13:16 AM Script Started!
01/15/2014 10:23:53 AM [Errno 54] Connection reset by peer
01/15/2014 10:24:20 AM Script Started!
01/15/2014 10:24:43 AM Card: edffe939fd
Registered!
Hello: David
Signing In
15-01-2014 10:24:43
ACCESS!

01/15/2014 10:52:48 AM Card: ddfb44754c
Registered!
Hello: Craig
Signing In
15-01-2014 10:52:48
ACCESS!

01/15/2014 11:14:30 AM [Errno 54] Connection reset by peer
01/15/2014 11:15:13 AM Script Started!
01/15/2014 11:15:37 AM Card: ddfb44754c
Registered!
Hello: Craig
Signing Out
15-01-2014 11:15:37
ACCESS!

01/15/2014 11:15:51 AM Card: ddfb44754c
Registered!
Hello: Craig
Signing In
15-01-2014 11:15:51
ACCESS!

01/15/2014 11:16:09 AM Card: ddfb44754c
Registered!
Hello: Craig
Signing Out
15-01-2014 11:16:09
ACCESS!

01/15/2014 11:17:32 AM Card: ddfb44754c
Registered!
Hello: Craig
Signing In
15-01-2014 11:17:32
ACCESS!

01/15/2014 11:20:40 AM [Errno 51] Network is unreachable
01/15/2014 12:10:11 PM Script Started!
01/15/2014 12:10:26 PM Card: edffe939fd
Registered!
Hello: David
First Sign In!
15-01-2014 12:10:26
ACCESS!

01/15/2014 12:10:46 PM Card: edffe939fd
Registered!
Hello: David
Signing Out
15-01-2014 12:10:46
ACCESS!

01/15/2014 12:11:00 PM Card: edffe939fd
Registered!
Hello: David
Signing In
15-01-2014 12:11:00
ACCESS!

01/15/2014 12:32:22 PM [Errno 54] Connection reset by peer
01/15/2014 12:47:18 PM Script Started!
01/15/2014 12:47:37 PM Card: edffe939fd
Registered!
Hello: David
First Sign In!
15-01-2014 12:47:37
ACCESS!

01/15/2014 12:47:47 PM Card: edffe939fd
Registered!
Hello: David
Signing Out
15-01-2014 12:47:47
ACCESS!

01/15/2014 12:47:56 PM Card: edffe939fd
Registered!
Hello: David
Signing In
15-01-2014 12:47:56
ACCESS!

01/15/2014 01:02:21 PM [Errno 8] nodename nor servname provided, or not known
01/15/2014 03:04:56 PM Script Started!
01/15/2014 03:05:12 PM Card: edffe939fd
Registered!
Hello: David
Signing Out
15-01-2014 15:05:12
ACCESS!

01/15/2014 03:05:19 PM Card: edffe939fd
Registered!
Hello: David
Signing In
15-01-2014 15:05:19
ACCESS!

01/15/2014 03:20:35 PM [Errno 54] Connection reset by peer
