01/22/2014 10:31:08 AM Script Started!
01/22/2014 10:31:08 AM the current time is: 1390350668.0
01/22/2014 10:31:08 AM the desired time is: 1390350720.0
01/22/2014 10:32:00 AM Script now running
01/22/2014 10:32:00 AM sleeping for: 15
01/22/2014 10:41:28 AM Script Started!
01/22/2014 10:41:28 AM the current time is: 1390351288.0
01/22/2014 10:41:28 AM the desired time is: 1390350720.0
01/22/2014 10:41:28 AM Script now running
01/22/2014 10:41:28 AM Script Finished!
01/22/2014 10:41:28 AM sleeping for: 15
01/22/2014 10:42:05 AM Script Started!
01/22/2014 10:42:05 AM the current time is: 1390351325.0
01/22/2014 10:42:05 AM the desired time is: 1390350720.0
01/22/2014 10:42:05 AM Script now running
01/22/2014 10:43:00 AM Script Started!
01/22/2014 10:43:00 AM the current time is: 1390351380.0
01/22/2014 10:43:00 AM the desired time is: 1390350720.0
01/22/2014 10:43:00 AM Script now running
01/22/2014 10:43:23 AM Script Started!
01/22/2014 10:43:23 AM the current time is: 1390351403.0
01/22/2014 10:43:23 AM the desired time is: 1390350720.0
01/22/2014 10:43:23 AM Script now running
01/22/2014 10:43:50 AM Script Started!
01/22/2014 10:43:50 AM the current time is: 1390351430.0
01/22/2014 10:43:50 AM the desired time is: 1390350720.0
01/22/2014 10:43:50 AM Script now running
01/22/2014 10:43:50 AM Script Finished!
01/22/2014 10:43:50 AM sleeping for: 15
01/22/2014 10:43:52 AM Script Started!
01/22/2014 10:43:52 AM the current time is: 1390351432.0
01/22/2014 10:43:52 AM the desired time is: 1390350720.0
01/22/2014 10:43:52 AM Script now running
01/22/2014 10:43:52 AM Script Finished!
01/22/2014 10:43:52 AM sleeping for: 15
01/22/2014 10:48:00 AM Script Started!
01/22/2014 10:48:00 AM the current time is: 1390351680.0
01/22/2014 10:48:00 AM the desired time is: 1390350720.0
01/22/2014 10:48:00 AM Script now running
01/22/2014 10:48:00 AM Script Finished!
01/22/2014 10:48:00 AM sleeping for: 15
01/22/2014 10:48:20 AM Script Started!
01/22/2014 10:48:20 AM the current time is: 1390351700.0
01/22/2014 10:48:20 AM the desired time is: 1390350720.0
01/22/2014 10:48:20 AM Script now running
01/22/2014 10:48:31 AM Script Started!
01/22/2014 10:48:31 AM the current time is: 1390351711.0
01/22/2014 10:48:31 AM the desired time is: 1390350720.0
01/22/2014 10:48:31 AM Script now running
01/22/2014 10:48:31 AM Script Finished!
01/22/2014 10:48:31 AM sleeping for: 15
01/22/2014 10:50:40 AM Script Started!
01/22/2014 10:50:40 AM the current time is: 1390351840.0
01/22/2014 10:50:40 AM the desired time is: 1390350720.0
01/22/2014 10:50:40 AM Script now running
01/22/2014 10:50:40 AM Script Finished!
01/22/2014 10:50:40 AM sleeping for: 15
01/22/2014 10:51:25 AM Script Started!
01/22/2014 10:51:25 AM the current time is: 1390351885.0
01/22/2014 10:51:25 AM the desired time is: 1390350720.0
01/22/2014 10:51:25 AM Script now running
01/22/2014 10:51:25 AM Script Finished!
01/22/2014 10:51:25 AM sleeping for: 15
01/22/2014 10:54:13 AM Script Started!
01/22/2014 10:54:13 AM the current time is: 1390352053.0
01/22/2014 10:54:13 AM the desired time is: 1390350720.0
01/22/2014 10:54:13 AM Script now running
01/22/2014 10:54:34 AM Script Started!
01/22/2014 10:54:34 AM the current time is: 1390352074.0
01/22/2014 10:54:34 AM the desired time is: 1390350720.0
01/22/2014 10:54:34 AM Script now running
01/22/2014 10:54:34 AM Script Finished!
01/22/2014 10:54:34 AM sleeping for: 15
01/22/2014 10:54:53 AM Script Started!
01/22/2014 10:54:53 AM the current time is: 1390352093.0
01/22/2014 10:54:53 AM the desired time is: 1390350720.0
01/22/2014 10:54:53 AM Script now running
01/22/2014 10:55:09 AM Script Started!
01/22/2014 10:55:09 AM the current time is: 1390352109.0
01/22/2014 10:55:09 AM the desired time is: 1390350720.0
01/22/2014 10:55:09 AM Script now running
01/22/2014 10:55:09 AM Script Finished!
01/22/2014 10:55:09 AM sleeping for: 15
01/22/2014 10:55:35 AM Script Started!
01/22/2014 10:55:35 AM the current time is: 1390352135.0
01/22/2014 10:55:35 AM the desired time is: 1390350720.0
01/22/2014 10:55:35 AM Script now running
01/22/2014 10:55:35 AM Script Finished!
01/22/2014 10:55:35 AM sleeping for: 15
01/22/2014 10:56:07 AM Script Started!
01/22/2014 10:56:07 AM the current time is: 1390352167.0
01/22/2014 10:56:07 AM the desired time is: 1390350720.0
01/22/2014 10:56:07 AM Script now running
01/22/2014 10:56:07 AM Script Finished!
01/22/2014 10:56:07 AM sleeping for: 15
01/22/2014 11:04:16 AM Script Started!
01/22/2014 11:04:16 AM the current time is: 1390352656.0
01/22/2014 11:04:16 AM the desired time is: 1390350720.0
01/22/2014 11:04:16 AM Script now running
01/22/2014 11:04:40 AM Script Started!
01/22/2014 11:04:40 AM the current time is: 1390352680.0
01/22/2014 11:04:40 AM the desired time is: 1390350720.0
01/22/2014 11:04:40 AM Script now running
01/22/2014 11:05:49 AM Script Started!
01/22/2014 11:05:49 AM the current time is: 1390352749.0
01/22/2014 11:05:49 AM the desired time is: 1390350720.0
01/22/2014 11:05:49 AM Script now running
01/22/2014 11:06:32 AM Script Started!
01/22/2014 11:06:32 AM the current time is: 1390352792.0
01/22/2014 11:06:32 AM the desired time is: 1390350720.0
01/22/2014 11:06:32 AM Script now running
01/22/2014 11:06:32 AM User: a24053ed745510016106b3616c6e4a65 signed off correctly!
01/22/2014 11:06:32 AM User: 3033f280333e98aaabe790ab0c6b5d24 signed off correctly!
01/22/2014 11:06:32 AM User: ddfb44754c24b05a81ee1b9d8e239f20 signed off correctly!
01/22/2014 11:06:32 AM User: edffe939fd3d2252895737c0eb63ae27 signed off correctly!
01/22/2014 11:06:32 AM User: 9e4fef4e163d4f8cf1b6a2c0a3c37004 signed off correctly!
01/22/2014 11:06:32 AM Script Finished!
01/22/2014 11:06:32 AM sleeping for: 15
01/22/2014 11:07:02 AM Script Started!
01/22/2014 11:07:02 AM the current time is: 1390352822.0
01/22/2014 11:07:02 AM the desired time is: 1390350720.0
01/22/2014 11:07:02 AM Script now running
01/22/2014 11:07:02 AM User: a24053ed745510016106b3616c6e4a65 is being automaticly signed off!
01/22/2014 11:07:02 AM User: 3033f280333e98aaabe790ab0c6b5d24 is being automaticly signed off!
01/22/2014 11:07:02 AM User: ddfb44754c24b05a81ee1b9d8e239f20 is being automaticly signed off!
01/22/2014 11:07:02 AM User: edffe939fd3d2252895737c0eb63ae27 is being automaticly signed off!
01/22/2014 11:07:02 AM User: 9e4fef4e163d4f8cf1b6a2c0a3c37004 is being automaticly signed off!
01/22/2014 11:07:02 AM Script Finished!
01/22/2014 11:07:02 AM sleeping for: 15
01/22/2014 11:08:24 AM Script Started!
01/22/2014 11:08:24 AM the current time is: 1390352904.0
01/22/2014 11:08:24 AM the desired time is: 1390350720.0
01/22/2014 11:08:24 AM Script now running
01/22/2014 11:08:24 AM User: a24053ed745510016106b3616c6e4a65 signed off correctly!
01/22/2014 11:08:24 AM User: 3033f280333e98aaabe790ab0c6b5d24 signed off correctly!
01/22/2014 11:08:24 AM User: ddfb44754c24b05a81ee1b9d8e239f20 signed off correctly!
01/22/2014 11:08:24 AM User: edffe939fd3d2252895737c0eb63ae27 signed off correctly!
01/22/2014 11:08:24 AM User: 9e4fef4e163d4f8cf1b6a2c0a3c37004 signed off correctly!
01/22/2014 11:08:24 AM Script Finished!
01/22/2014 11:08:24 AM sleeping for: 15
01/22/2014 11:13:47 AM Script Started!
01/22/2014 11:13:47 AM the current time is: 1390353227.0
01/22/2014 11:13:47 AM the desired time is: 1390350720.0
01/22/2014 11:13:47 AM Script now running
01/22/2014 11:13:47 AM User: a24053ed745510016106b3616c6e4a65 is being automaticly signed off!
01/22/2014 11:13:47 AM User: 3033f280333e98aaabe790ab0c6b5d24 is being automaticly signed off!
01/22/2014 11:13:47 AM User: ddfb44754c24b05a81ee1b9d8e239f20 is being automaticly signed off!
01/22/2014 11:13:47 AM User: edffe939fd3d2252895737c0eb63ae27 is being automaticly signed off!
01/22/2014 11:13:47 AM User: 9e4fef4e163d4f8cf1b6a2c0a3c37004 is being automaticly signed off!
01/22/2014 11:13:47 AM Script Finished!
01/22/2014 11:13:47 AM sleeping for: 15
01/22/2014 11:14:04 AM Script Started!
01/22/2014 11:14:04 AM the current time is: 1390353244.0
01/22/2014 11:14:04 AM the desired time is: 1390350720.0
01/22/2014 11:14:04 AM Script now running
01/22/2014 11:14:04 AM User: a24053ed745510016106b3616c6e4a65 is being automaticly signed off!
01/22/2014 11:14:04 AM User: 3033f280333e98aaabe790ab0c6b5d24 is being automaticly signed off!
01/22/2014 11:14:04 AM User: ddfb44754c24b05a81ee1b9d8e239f20 is being automaticly signed off!
01/22/2014 11:14:04 AM User: edffe939fd3d2252895737c0eb63ae27 is being automaticly signed off!
01/22/2014 11:14:04 AM User: 9e4fef4e163d4f8cf1b6a2c0a3c37004 is being automaticly signed off!
01/22/2014 11:14:04 AM Script Finished!
01/22/2014 11:14:04 AM sleeping for: 15
01/22/2014 11:14:30 AM Script Started!
01/22/2014 11:14:30 AM the current time is: 1390353270.0
01/22/2014 11:14:30 AM the desired time is: 1390350720.0
01/22/2014 11:14:30 AM Script now running
01/22/2014 11:14:30 AM User: a24053ed745510016106b3616c6e4a65 is being automaticly signed off!
01/22/2014 11:14:30 AM User: 3033f280333e98aaabe790ab0c6b5d24 is being automaticly signed off!
01/22/2014 11:14:30 AM User: ddfb44754c24b05a81ee1b9d8e239f20 is being automaticly signed off!
01/22/2014 11:14:30 AM User: edffe939fd3d2252895737c0eb63ae27 is being automaticly signed off!
01/22/2014 11:14:30 AM User: 9e4fef4e163d4f8cf1b6a2c0a3c37004 is being automaticly signed off!
01/22/2014 11:14:30 AM Script Finished!
01/22/2014 11:14:30 AM sleeping for: 15
01/22/2014 11:16:53 AM Script Started!
01/22/2014 11:16:53 AM the current time is: 1390353413.0
01/22/2014 11:16:53 AM the desired time is: 1390350720.0
01/22/2014 11:16:53 AM Script now running
01/22/2014 11:16:53 AM User: a24053ed745510016106b3616c6e4a65 is being automaticly signed off!
01/22/2014 11:16:53 AM User: 3033f280333e98aaabe790ab0c6b5d24 is being automaticly signed off!
01/22/2014 11:16:53 AM User: ddfb44754c24b05a81ee1b9d8e239f20 is being automaticly signed off!
01/22/2014 11:16:53 AM User: edffe939fd3d2252895737c0eb63ae27 is being automaticly signed off!
01/22/2014 11:16:53 AM User: 9e4fef4e163d4f8cf1b6a2c0a3c37004 is being automaticly signed off!
01/22/2014 11:16:53 AM Script Finished!
01/22/2014 11:16:53 AM sleeping for: 15
01/22/2014 11:17:10 AM Script Started!
01/22/2014 11:17:10 AM the current time is: 1390353430.0
01/22/2014 11:17:10 AM the desired time is: 1390350720.0
01/22/2014 11:17:10 AM Script now running
01/22/2014 11:17:10 AM User: a24053ed745510016106b3616c6e4a65 is being automaticly signed off!
01/22/2014 11:17:10 AM User: 3033f280333e98aaabe790ab0c6b5d24 is being automaticly signed off!
01/22/2014 11:17:10 AM User: ddfb44754c24b05a81ee1b9d8e239f20 is being automaticly signed off!
01/22/2014 11:17:10 AM User: edffe939fd3d2252895737c0eb63ae27 is being automaticly signed off!
01/22/2014 11:17:10 AM User: 9e4fef4e163d4f8cf1b6a2c0a3c37004 is being automaticly signed off!
01/22/2014 11:17:10 AM Script Finished!
01/22/2014 11:17:10 AM sleeping for: 15
01/22/2014 11:27:10 AM Script Started!
01/22/2014 11:27:10 AM the current time is: 1390354030.0
01/22/2014 11:27:10 AM the desired time is: 1390375800.0
01/22/2014 11:30:32 AM Script Started!
01/22/2014 11:30:32 AM the current time is: 1390354232.0
01/22/2014 11:30:32 AM the desired time is: 1390375800.0
01/22/2014 11:38:53 AM Script Started!
01/22/2014 11:38:53 AM the current time is: 1390354733.0
01/22/2014 11:38:53 AM the desired time is: 1390375800.0
01/22/2014 11:38:53 AM Script now running
01/22/2014 11:38:53 AM User: a24053ed745510016106b3616c6e4a65 signed off correctly!
01/22/2014 11:38:53 AM User: 3033f280333e98aaabe790ab0c6b5d24 signed off correctly!
01/22/2014 11:38:53 AM User: ddfb44754c24b05a81ee1b9d8e239f20 signed off correctly!
01/22/2014 11:38:53 AM User: edffe939fd3d2252895737c0eb63ae27 is being automaticly signed off!
01/22/2014 11:38:53 AM User: 9e4fef4e163d4f8cf1b6a2c0a3c37004 is being automaticly signed off!
01/22/2014 11:38:53 AM Script Finished!
01/22/2014 11:38:53 AM sleeping for: 8
